2022-01-20 15:48:30,088 - ERROR - basepage.py[139]:Traceback (most recent call last):
  File "D:\AutoTestUi\common\basepage.py", line 132, in UI_Assert
    assert exp_result == result
AssertionError

